<?xml version="1.0" encoding="UTF-8"?>
<!-- Generated by org.testng.reporters.JUnitReportReporter -->
<testsuite hostname="CORPLPW100813" failures="0" tests="1" name="automation.POCproject.HospitalDetailedPage$ImplantConsumption" time="60.472" errors="0" timestamp="2022-01-28T15:13:51 IST" skipped="0">
  <testcase classname="automation.POCproject.HospitalDetailedPage$ImplantConsumption" name="basePageNavigation" time="60.472"/>
  <system-out/>
</testsuite> <!-- automation.POCproject.HospitalDetailedPage$ImplantConsumption -->
