<?xml version="1.0" encoding="UTF-8"?>
<!-- Generated by org.testng.reporters.JUnitReportReporter -->
<testsuite hostname="CORPLPW100813" failures="0" tests="1" name="automation.POCproject.PowerBIDimensionsList" time="26.824" errors="0" timestamp="2022-02-08T14:07:48 IST" skipped="0">
  <testcase classname="automation.POCproject.PowerBIDimensionsList" name="getDimensionsList" time="26.824"/>
  <system-out/>
</testsuite> <!-- automation.POCproject.PowerBIDimensionsList -->
