<?xml version="1.0" encoding="UTF-8"?>
<!-- Generated by org.testng.reporters.JUnitReportReporter -->
<testsuite hostname="CORPLPW100813" failures="0" tests="1" name="automation.POCproject.HighlightOfElement" time="24.424" errors="0" timestamp="2022-02-07T11:00:30 IST" skipped="0">
  <testcase classname="automation.POCproject.HighlightOfElement" name="highlight" time="24.424"/>
  <system-out/>
</testsuite> <!-- automation.POCproject.HighlightOfElement -->
