<?xml version="1.0" encoding="UTF-8"?>
<!-- Generated by org.testng.reporters.JUnitReportReporter -->
<testsuite hostname="CORPLPW100813" failures="0" tests="1" name="automation.POCproject.PowerBILogin" time="10.166" errors="0" timestamp="2022-02-09T10:36:00 IST" skipped="0">
  <testcase classname="automation.POCproject.PowerBILogin" name="Login" time="10.166"/>
  <system-out/>
</testsuite> <!-- automation.POCproject.PowerBILogin -->
