<?xml version="1.0" encoding="UTF-8"?>
<!-- Generated by org.testng.reporters.JUnitReportReporter -->
<testsuite hostname="CORPLPW100813" failures="0" tests="1" name="automation.POCproject.PowerBIOpeningDashboard" time="26.318" errors="0" timestamp="2022-02-09T10:37:26 IST" skipped="0">
  <testcase classname="automation.POCproject.PowerBIOpeningDashboard" name="OpeningDashboard" time="26.318"/>
  <system-out/>
</testsuite> <!-- automation.POCproject.PowerBIOpeningDashboard -->
