<?xml version="1.0" encoding="UTF-8"?>
<!-- Generated by org.testng.reporters.JUnitReportReporter -->
<testsuite hostname="CORPLPW100813" failures="0" tests="1" name="automation.POCproject.HospitalDetailedPage" time="71.795" errors="0" timestamp="2022-02-03T14:40:36 IST" skipped="0">
  <testcase classname="automation.POCproject.HospitalDetailedPage" name="basePageNavigation" time="71.795"/>
  <system-out/>
</testsuite> <!-- automation.POCproject.HospitalDetailedPage -->
