<?xml version="1.0" encoding="UTF-8"?>
<!-- Generated by org.testng.reporters.JUnitReportReporter -->
<testsuite hostname="CORPLPW100813" failures="0" tests="1" name="automation.POCproject.BargraphsMousehover" time="70.142" errors="0" timestamp="2022-02-04T11:57:06 IST" skipped="0">
  <testcase classname="automation.POCproject.BargraphsMousehover" name="barGraphsAction" time="70.142"/>
  <system-out/>
</testsuite> <!-- automation.POCproject.BargraphsMousehover -->
