<?xml version="1.0" encoding="UTF-8"?>
<!-- Generated by org.testng.reporters.JUnitReportReporter -->
<testsuite hostname="CORPLPW100813" failures="0" tests="1" name="automation.POCproject.ImplantConsumption" time="25.037" errors="0" timestamp="2022-02-07T11:16:58 IST" skipped="0">
  <testcase classname="automation.POCproject.ImplantConsumption" name="OpeningDashboard" time="25.037"/>
  <system-out/>
</testsuite> <!-- automation.POCproject.ImplantConsumption -->
