<?xml version="1.0" encoding="UTF-8"?>
<!-- Generated by org.testng.reporters.JUnitReportReporter -->
<testsuite hostname="CORPLPW100813" failures="0" tests="1" name="automation.POCproject.DimensionsList" time="25.357" errors="0" timestamp="2022-02-04T11:51:01 IST" skipped="0">
  <testcase classname="automation.POCproject.DimensionsList" name="getDimensionsList" time="25.357"/>
  <system-out/>
</testsuite> <!-- automation.POCproject.DimensionsList -->
