<?xml version="1.0" encoding="UTF-8"?>
<!-- Generated by org.testng.reporters.JUnitReportReporter -->
<testsuite hostname="CORPLPW100813" failures="0" tests="1" name="automation.POCproject.PowerBIMetricsList" time="28.830" errors="0" timestamp="2022-02-09T13:18:35 IST" skipped="0">
  <testcase classname="automation.POCproject.PowerBIMetricsList" name="getMetricsList" time="28.830"/>
  <system-out/>
</testsuite> <!-- automation.POCproject.PowerBIMetricsList -->
