<?xml version="1.0" encoding="UTF-8"?>
<!-- Generated by org.testng.reporters.JUnitReportReporter -->
<testsuite hostname="CORPLPW100813" failures="0" tests="1" name="automation.POCproject.MetricsList" time="27.986" errors="0" timestamp="2022-02-04T11:48:55 IST" skipped="0">
  <testcase classname="automation.POCproject.MetricsList" name="getMetricsList" time="27.986"/>
  <system-out/>
</testsuite> <!-- automation.POCproject.MetricsList -->
