<?xml version="1.0" encoding="UTF-8"?>
<!-- Generated by org.testng.reporters.JUnitReportReporter -->
<testsuite hostname="CORPLPW100813" failures="0" tests="1" name="automation.POCproject.FlowofDashboard" time="31.164" errors="0" timestamp="2022-02-04T13:56:45 IST" skipped="0">
  <testcase classname="automation.POCproject.FlowofDashboard" name="clickOnDepartmentLevels" time="31.164"/>
  <system-out/>
</testsuite> <!-- automation.POCproject.FlowofDashboard -->
